<?xml version="1.0" encoding="UTF-8"?>
<testng-results skipped="0" failed="0" total="1" passed="1">
  <reporter-output>
  </reporter-output>
  <suite name="Default suite" duration-ms="32980" started-at="2019-10-08T14:21:58Z" finished-at="2019-10-08T14:22:31Z">
    <groups>
    </groups>
    <test name="Default test" duration-ms="32980" started-at="2019-10-08T14:21:58Z" finished-at="2019-10-08T14:22:31Z">
      <class name="TestAutomation.testCases.MD071_AccountTotalsTest">
        <test-method status="PASS" signature="init()[pri:0, instance:TestAutomation.testCases.MD071_AccountTotalsTest@548a9f61]" name="init" is-config="true" duration-ms="3457" started-at="2019-10-08T09:21:54Z" finished-at="2019-10-08T09:21:58Z">
          <reporter-output>
          </reporter-output>
        </test-method> <!-- init -->
        <test-method status="PASS" signature="gpFileDownload()[pri:0, instance:TestAutomation.testCases.MD071_AccountTotalsTest@548a9f61]" name="gpFileDownload" duration-ms="32971" started-at="2019-10-08T09:21:58Z" finished-at="2019-10-08T09:22:31Z">
          <reporter-output>
          </reporter-output>
        </test-method> <!-- gpFileDownload -->
        <test-method status="PASS" signature="closeBrowser()[pri:0, instance:TestAutomation.testCases.MD071_AccountTotalsTest@548a9f61]" name="closeBrowser" is-config="true" duration-ms="594" started-at="2019-10-08T09:22:31Z" finished-at="2019-10-08T09:22:31Z">
          <reporter-output>
          </reporter-output>
        </test-method> <!-- closeBrowser -->
      </class> <!-- TestAutomation.testCases.MD071_AccountTotalsTest -->
    </test> <!-- Default test -->
  </suite> <!-- Default suite -->
</testng-results>
